<?xml version="1.0" encoding="UTF-8"?>
<coverage generated="1690332568672" clover="3.2.0">
  <project timestamp="1690332568672" name="All files">
    <metrics statements="10" coveredstatements="10" conditionals="12" coveredconditionals="12" methods="1" coveredmethods="1" elements="23" coveredelements="23" complexity="0" loc="10" ncloc="10" packages="1" files="2" classes="2"/>
    <file name="imc.js" path="/Users/anapaulalopesaraujo/Documents/github/calculadora-imc-tdd-bdd/src/js/imc.js">
      <metrics statements="7" coveredstatements="7" conditionals="12" coveredconditionals="12" methods="1" coveredmethods="1"/>
      <line num="1" count="1" type="stmt"/>
      <line num="3" count="1" type="stmt"/>
      <line num="4" count="9" type="cond" truecount="4" falsecount="0"/>
      <line num="5" count="7" type="stmt"/>
      <line num="6" count="7" type="stmt"/>
      <line num="14" count="7" type="stmt"/>
      <line num="17" count="1" type="stmt"/>
    </file>
    <file name="utils.js" path="/Users/anapaulalopesaraujo/Documents/github/calculadora-imc-tdd-bdd/src/js/utils.js">
      <metrics statements="3" coveredstatements="3" conditionals="0" coveredconditionals="0" methods="0" coveredmethods="0"/>
      <line num="1" count="1" type="stmt"/>
      <line num="7" count="1" type="stmt"/>
      <line num="18" count="1" type="stmt"/>
    </file>
  </project>
</coverage>
