{"/Users/anapaulalopesaraujo/Documents/github/calculadora-imc-tdd-bdd/src/js/imc.js": {"path":"/Users/anapaulalopesaraujo/Documents/github/calculadora-imc-tdd-bdd/src/js/imc.js","statementMap":{"0":{"start":{"line":1,"column":35},"end":{"line":1,"column":53}},"1":{"start":{"line":3,"column":12},"end":{"line":15,"column":1}},"2":{"start":{"line":4,"column":1},"end":{"line":4,"column":114}},"3":{"start":{"line":4,"column":62},"end":{"line":4,"column":114}},"4":{"start":{"line":5,"column":23},"end":{"line":5,"column":49}},"5":{"start":{"line":6,"column":18},"end":{"line":13,"column":11}},"6":{"start":{"line":14,"column":4},"end":{"line":14,"column":16}},"7":{"start":{"line":17,"column":0},"end":{"line":17,"column":20}}},"fnMap":{"0":{"name":"(anonymous_0)","decl":{"start":{"line":3,"column":12},"end":{"line":3,"column":13}},"loc":{"start":{"line":3,"column":32},"end":{"line":15,"column":1}},"line":3}},"branchMap":{"0":{"loc":{"start":{"line":4,"column":1},"end":{"line":4,"column":114}},"type":"if","locations":[{"start":{"line":4,"column":1},"end":{"line":4,"column":114}},{"start":{},"end":{}}],"line":4},"1":{"loc":{"start":{"line":4,"column":4},"end":{"line":4,"column":60}},"type":"binary-expr","locations":[{"start":{"line":4,"column":4},"end":{"line":4,"column":30}},{"start":{"line":4,"column":34},"end":{"line":4,"column":60}}],"line":4},"2":{"loc":{"start":{"line":8,"column":9},"end":{"line":8,"column":50}},"type":"binary-expr","locations":[{"start":{"line":8,"column":9},"end":{"line":8,"column":29}},{"start":{"line":8,"column":33},"end":{"line":8,"column":50}}],"line":8},"3":{"loc":{"start":{"line":9,"column":9},"end":{"line":9,"column":48}},"type":"binary-expr","locations":[{"start":{"line":9,"column":9},"end":{"line":9,"column":27}},{"start":{"line":9,"column":31},"end":{"line":9,"column":48}}],"line":9},"4":{"loc":{"start":{"line":10,"column":9},"end":{"line":10,"column":48}},"type":"binary-expr","locations":[{"start":{"line":10,"column":9},"end":{"line":10,"column":27}},{"start":{"line":10,"column":31},"end":{"line":10,"column":48}}],"line":10},"5":{"loc":{"start":{"line":11,"column":9},"end":{"line":11,"column":48}},"type":"binary-expr","locations":[{"start":{"line":11,"column":9},"end":{"line":11,"column":27}},{"start":{"line":11,"column":31},"end":{"line":11,"column":48}}],"line":11}},"s":{"0":1,"1":1,"2":9,"3":2,"4":7,"5":7,"6":7,"7":1},"f":{"0":9},"b":{"0":[2,7],"1":[9,3],"2":[7,5],"3":[7,4],"4":[7,3],"5":[7,2]},"_coverageSchema":"1a1c01bbd47fc00a2c39e90264f33305004495a9","hash":"6d08456c725ef72d654c86a2d25a36643562f5ce"}
,"/Users/anapaulalopesaraujo/Documents/github/calculadora-imc-tdd-bdd/src/js/utils.js": {"path":"/Users/anapaulalopesaraujo/Documents/github/calculadora-imc-tdd-bdd/src/js/utils.js","statementMap":{"0":{"start":{"line":1,"column":18},"end":{"line":5,"column":1}},"1":{"start":{"line":7,"column":20},"end":{"line":16,"column":1}},"2":{"start":{"line":18,"column":0},"end":{"line":18,"column":43}}},"fnMap":{},"branchMap":{},"s":{"0":1,"1":1,"2":1},"f":{},"b":{},"_coverageSchema":"1a1c01bbd47fc00a2c39e90264f33305004495a9","hash":"bfad8fe114dc2490783d26c3a9eb0923c2b113a3"}
}
