{"/Users/anapaulalopesaraujo/Documents/github/calculadora-imc-tdd-bdd/src/js/imc.js": {"path":"/Users/anapaulalopesaraujo/Documents/github/calculadora-imc-tdd-bdd/src/js/imc.js","statementMap":{"0":{"start":{"line":1,"column":18},"end":{"line":1,"column":36}},"1":{"start":{"line":3,"column":12},"end":{"line":7,"column":1}},"2":{"start":{"line":4,"column":4},"end":{"line":6,"column":5}},"3":{"start":{"line":5,"column":8},"end":{"line":5,"column":50}},"4":{"start":{"line":9,"column":0},"end":{"line":9,"column":20}}},"fnMap":{"0":{"name":"(anonymous_0)","decl":{"start":{"line":3,"column":12},"end":{"line":3,"column":13}},"loc":{"start":{"line":3,"column":32},"end":{"line":7,"column":1}},"line":3}},"branchMap":{"0":{"loc":{"start":{"line":4,"column":4},"end":{"line":6,"column":5}},"type":"if","locations":[{"start":{"line":4,"column":4},"end":{"line":6,"column":5}},{"start":{},"end":{}}],"line":4},"1":{"loc":{"start":{"line":4,"column":7},"end":{"line":4,"column":63}},"type":"binary-expr","locations":[{"start":{"line":4,"column":7},"end":{"line":4,"column":33}},{"start":{"line":4,"column":37},"end":{"line":4,"column":63}}],"line":4}},"s":{"0":1,"1":1,"2":3,"3":2,"4":1},"f":{"0":3},"b":{"0":[2,1],"1":[3,2]},"_coverageSchema":"1a1c01bbd47fc00a2c39e90264f33305004495a9","hash":"68ee37b68056bf6e6b8501cec70fa41be2918c8f"}
,"/Users/anapaulalopesaraujo/Documents/github/calculadora-imc-tdd-bdd/src/js/utils.js": {"path":"/Users/anapaulalopesaraujo/Documents/github/calculadora-imc-tdd-bdd/src/js/utils.js","statementMap":{"0":{"start":{"line":1,"column":18},"end":{"line":5,"column":1}},"1":{"start":{"line":7,"column":0},"end":{"line":7,"column":26}}},"fnMap":{},"branchMap":{},"s":{"0":1,"1":1},"f":{},"b":{},"_coverageSchema":"1a1c01bbd47fc00a2c39e90264f33305004495a9","hash":"54fa1e3b0d034353e93a7c22fedfbfd1ec4e40af"}
}
